<?xml version="1.0" encoding="UTF-8"?>
<testng-results ignored="0" total="1" passed="1" failed="0" skipped="0">
  <reporter-output>
  </reporter-output>
  <suite started-at="2023-10-21T18:27:16 IST" name="Suite" finished-at="2023-10-21T18:27:27 IST" duration-ms="10645">
    <groups>
    </groups>
    <test started-at="2023-10-21T18:27:16 IST" name="Test" finished-at="2023-10-21T18:27:27 IST" duration-ms="10645">
      <class name="com.inetBanking.TestCases.TC_LoginTest_001">
        <test-method is-config="true" signature="setup(java.lang.String)[pri:0, instance:com.inetBanking.TestCases.TC_LoginTest_001@6bbe85a8]" started-at="2023-10-21T18:27:16 IST" name="setup" finished-at="2023-10-21T18:27:24 IST" duration-ms="7126" status="PASS">
          <params>
            <param index="0">
              <value>
                <![CDATA[chrome]]>
              </value>
            </param>
          </params>
          <reporter-output>
          </reporter-output>
        </test-method> <!-- setup -->
        <test-method signature="Login()[pri:0, instance:com.inetBanking.TestCases.TC_LoginTest_001@6bbe85a8]" started-at="2023-10-21T18:27:24 IST" name="Login" finished-at="2023-10-21T18:27:27 IST" duration-ms="3262" status="PASS">
          <reporter-output>
          </reporter-output>
        </test-method> <!-- Login -->
        <test-method is-config="true" signature="tearDown()[pri:0, instance:com.inetBanking.TestCases.TC_LoginTest_001@6bbe85a8]" started-at="2023-10-21T18:27:27 IST" name="tearDown" finished-at="2023-10-21T18:27:27 IST" duration-ms="200" status="PASS">
          <reporter-output>
          </reporter-output>
        </test-method> <!-- tearDown -->
      </class> <!-- com.inetBanking.TestCases.TC_LoginTest_001 -->
    </test> <!-- Test -->
  </suite> <!-- Suite -->
</testng-results>
